<?xml version="1.0" encoding="UTF-8"?>
<testsuite xmlns:xsi="http://www.w3.org/2001/XMLSchema-instance" xsi:noNamespaceSchemaLocation="https://maven.apache.org/surefire/maven-surefire-plugin/xsd/surefire-test-report-3.0.xsd" version="3.0" name="TestSuite" time="17.182" tests="4" errors="0" skipped="0" failures="0">
  <properties>
    <property name="java.specification.version" value="16"/>
    <property name="sun.jnu.encoding" value="UTF-8"/>
    <property name="java.class.path" value="/Users/amitkumar/eclipse-workspace/PetStoreAutomation/target/test-classes:/Users/amitkumar/eclipse-workspace/PetStoreAutomation/target/classes:/Users/amitkumar/.m2/repository/io/rest-assured/rest-assured/5.3.0/rest-assured-5.3.0.jar:/Users/amitkumar/.m2/repository/org/apache/groovy/groovy/4.0.6/groovy-4.0.6.jar:/Users/amitkumar/.m2/repository/org/apache/groovy/groovy-xml/4.0.6/groovy-xml-4.0.6.jar:/Users/amitkumar/.m2/repository/org/apache/httpcomponents/httpclient/4.5.13/httpclient-4.5.13.jar:/Users/amitkumar/.m2/repository/org/apache/httpcomponents/httpcore/4.4.13/httpcore-4.4.13.jar:/Users/amitkumar/.m2/repository/commons-logging/commons-logging/1.2/commons-logging-1.2.jar:/Users/amitkumar/.m2/repository/org/apache/httpcomponents/httpmime/4.5.13/httpmime-4.5.13.jar:/Users/amitkumar/.m2/repository/org/hamcrest/hamcrest/2.1/hamcrest-2.1.jar:/Users/amitkumar/.m2/repository/org/ccil/cowan/tagsoup/tagsoup/1.2.1/tagsoup-1.2.1.jar:/Users/amitkumar/.m2/repository/io/rest-assured/xml-path/5.3.0/xml-path-5.3.0.jar:/Users/amitkumar/.m2/repository/io/rest-assured/json-path/5.3.0/json-path-5.3.0.jar:/Users/amitkumar/.m2/repository/org/apache/groovy/groovy-json/4.0.6/groovy-json-4.0.6.jar:/Users/amitkumar/.m2/repository/io/rest-assured/rest-assured-common/5.3.0/rest-assured-common-5.3.0.jar:/Users/amitkumar/.m2/repository/org/json/json/20230227/json-20230227.jar:/Users/amitkumar/.m2/repository/com/google/code/gson/gson/2.10.1/gson-2.10.1.jar:/Users/amitkumar/.m2/repository/org/testng/testng/7.7.1/testng-7.7.1.jar:/Users/amitkumar/.m2/repository/org/slf4j/slf4j-api/1.7.36/slf4j-api-1.7.36.jar:/Users/amitkumar/.m2/repository/com/beust/jcommander/1.82/jcommander-1.82.jar:/Users/amitkumar/.m2/repository/org/webjars/jquery/3.6.1/jquery-3.6.1.jar:/Users/amitkumar/.m2/repository/com/github/scribejava/scribejava-apis/8.3.3/scribejava-apis-8.3.3.jar:/Users/amitkumar/.m2/repository/com/github/scribejava/scribejava-core/8.3.3/scribejava-core-8.3.3.jar:/Users/amitkumar/.m2/repository/com/github/scribejava/scribejava-java8/8.3.3/scribejava-java8-8.3.3.jar:/Users/amitkumar/.m2/repository/com/fasterxml/jackson/core/jackson-databind/2.14.0/jackson-databind-2.14.0.jar:/Users/amitkumar/.m2/repository/com/fasterxml/jackson/core/jackson-annotations/2.14.0/jackson-annotations-2.14.0.jar:/Users/amitkumar/.m2/repository/com/fasterxml/jackson/core/jackson-core/2.14.0/jackson-core-2.14.0.jar:/Users/amitkumar/.m2/repository/io/rest-assured/json-schema-validator/5.3.0/json-schema-validator-5.3.0.jar:/Users/amitkumar/.m2/repository/com/github/java-json-tools/json-schema-validator/2.2.14/json-schema-validator-2.2.14.jar:/Users/amitkumar/.m2/repository/com/google/guava/guava/28.2-android/guava-28.2-android.jar:/Users/amitkumar/.m2/repository/com/google/guava/failureaccess/1.0.1/failureaccess-1.0.1.jar:/Users/amitkumar/.m2/repository/com/google/guava/listenablefuture/9999.0-empty-to-avoid-conflict-with-guava/listenablefuture-9999.0-empty-to-avoid-conflict-with-guava.jar:/Users/amitkumar/.m2/repository/org/checkerframework/checker-compat-qual/2.5.5/checker-compat-qual-2.5.5.jar:/Users/amitkumar/.m2/repository/com/google/errorprone/error_prone_annotations/2.3.4/error_prone_annotations-2.3.4.jar:/Users/amitkumar/.m2/repository/com/google/j2objc/j2objc-annotations/1.3/j2objc-annotations-1.3.jar:/Users/amitkumar/.m2/repository/com/github/java-json-tools/jackson-coreutils-equivalence/1.0/jackson-coreutils-equivalence-1.0.jar:/Users/amitkumar/.m2/repository/com/github/java-json-tools/jackson-coreutils/2.0/jackson-coreutils-2.0.jar:/Users/amitkumar/.m2/repository/com/github/java-json-tools/msg-simple/1.2/msg-simple-1.2.jar:/Users/amitkumar/.m2/repository/com/github/java-json-tools/btf/1.3/btf-1.3.jar:/Users/amitkumar/.m2/repository/com/github/java-json-tools/json-schema-core/1.2.14/json-schema-core-1.2.14.jar:/Users/amitkumar/.m2/repository/com/github/java-json-tools/uri-template/0.10/uri-template-0.10.jar:/Users/amitkumar/.m2/repository/org/mozilla/rhino/1.7.7.2/rhino-1.7.7.2.jar:/Users/amitkumar/.m2/repository/com/sun/mail/mailapi/1.6.2/mailapi-1.6.2.jar:/Users/amitkumar/.m2/repository/joda-time/joda-time/2.10.5/joda-time-2.10.5.jar:/Users/amitkumar/.m2/repository/com/googlecode/libphonenumber/libphonenumber/8.11.1/libphonenumber-8.11.1.jar:/Users/amitkumar/.m2/repository/com/google/code/findbugs/jsr305/3.0.2/jsr305-3.0.2.jar:/Users/amitkumar/.m2/repository/net/sf/jopt-simple/jopt-simple/5.0.4/jopt-simple-5.0.4.jar:/Users/amitkumar/.m2/repository/com/github/javafaker/javafaker/1.0.2/javafaker-1.0.2.jar:/Users/amitkumar/.m2/repository/org/apache/commons/commons-lang3/3.5/commons-lang3-3.5.jar:/Users/amitkumar/.m2/repository/org/yaml/snakeyaml/1.23/snakeyaml-1.23-android.jar:/Users/amitkumar/.m2/repository/com/github/mifmif/generex/1.0.2/generex-1.0.2.jar:/Users/amitkumar/.m2/repository/dk/brics/automaton/automaton/1.11-8/automaton-1.11-8.jar:/Users/amitkumar/.m2/repository/com/aventstack/extentreports/5.0.9/extentreports-5.0.9.jar:/Users/amitkumar/.m2/repository/io/reactivex/rxjava3/rxjava/3.0.4/rxjava-3.0.4.jar:/Users/amitkumar/.m2/repository/org/reactivestreams/reactive-streams/1.0.3/reactive-streams-1.0.3.jar:/Users/amitkumar/.m2/repository/org/freemarker/freemarker/2.3.30/freemarker-2.3.30.jar:/Users/amitkumar/.m2/repository/org/projectlombok/lombok/1.18.12/lombok-1.18.12.jar:/Users/amitkumar/.m2/repository/org/apache/poi/poi/5.2.3/poi-5.2.3.jar:/Users/amitkumar/.m2/repository/commons-codec/commons-codec/1.15/commons-codec-1.15.jar:/Users/amitkumar/.m2/repository/org/apache/commons/commons-collections4/4.4/commons-collections4-4.4.jar:/Users/amitkumar/.m2/repository/org/apache/commons/commons-math3/3.6.1/commons-math3-3.6.1.jar:/Users/amitkumar/.m2/repository/commons-io/commons-io/2.11.0/commons-io-2.11.0.jar:/Users/amitkumar/.m2/repository/com/zaxxer/SparseBitSet/1.2/SparseBitSet-1.2.jar:/Users/amitkumar/.m2/repository/org/apache/poi/poi-ooxml/5.2.3/poi-ooxml-5.2.3.jar:/Users/amitkumar/.m2/repository/org/apache/poi/poi-ooxml-lite/5.2.3/poi-ooxml-lite-5.2.3.jar:/Users/amitkumar/.m2/repository/org/apache/xmlbeans/xmlbeans/5.1.1/xmlbeans-5.1.1.jar:/Users/amitkumar/.m2/repository/org/apache/commons/commons-compress/1.21/commons-compress-1.21.jar:/Users/amitkumar/.m2/repository/com/github/virtuald/curvesapi/1.07/curvesapi-1.07.jar:/Users/amitkumar/.m2/repository/org/apache/logging/log4j/log4j-api/2.20.0/log4j-api-2.20.0.jar:/Users/amitkumar/.m2/repository/org/apache/logging/log4j/log4j-core/2.20.0/log4j-core-2.20.0.jar:"/>
    <property name="java.vm.vendor" value="Oracle Corporation"/>
    <property name="sun.arch.data.model" value="64"/>
    <property name="java.vendor.url" value="https://java.oracle.com/"/>
    <property name="user.timezone" value="Asia/Kolkata"/>
    <property name="os.name" value="Mac OS X"/>
    <property name="java.vm.specification.version" value="16"/>
    <property name="sun.java.launcher" value="SUN_STANDARD"/>
    <property name="user.country" value="AU"/>
    <property name="sun.boot.library.path" value="/Library/Java/JavaVirtualMachines/jdk-16.0.1.jdk/Contents/Home/lib"/>
    <property name="sun.java.command" value="/Users/amitkumar/eclipse-workspace/PetStoreAutomation/target/surefire/surefirebooter-20230614090857742_3.jar /Users/amitkumar/eclipse-workspace/PetStoreAutomation/target/surefire 2023-06-14T09-08-57_407-jvmRun1 surefire-20230614090857742_1tmp surefire_0-20230614090857742_2tmp"/>
    <property name="http.nonProxyHosts" value="local|*.local|169.254/16|*.169.254/16"/>
    <property name="jdk.debug" value="release"/>
    <property name="surefire.test.class.path" value="/Users/amitkumar/eclipse-workspace/PetStoreAutomation/target/test-classes:/Users/amitkumar/eclipse-workspace/PetStoreAutomation/target/classes:/Users/amitkumar/.m2/repository/io/rest-assured/rest-assured/5.3.0/rest-assured-5.3.0.jar:/Users/amitkumar/.m2/repository/org/apache/groovy/groovy/4.0.6/groovy-4.0.6.jar:/Users/amitkumar/.m2/repository/org/apache/groovy/groovy-xml/4.0.6/groovy-xml-4.0.6.jar:/Users/amitkumar/.m2/repository/org/apache/httpcomponents/httpclient/4.5.13/httpclient-4.5.13.jar:/Users/amitkumar/.m2/repository/org/apache/httpcomponents/httpcore/4.4.13/httpcore-4.4.13.jar:/Users/amitkumar/.m2/repository/commons-logging/commons-logging/1.2/commons-logging-1.2.jar:/Users/amitkumar/.m2/repository/org/apache/httpcomponents/httpmime/4.5.13/httpmime-4.5.13.jar:/Users/amitkumar/.m2/repository/org/hamcrest/hamcrest/2.1/hamcrest-2.1.jar:/Users/amitkumar/.m2/repository/org/ccil/cowan/tagsoup/tagsoup/1.2.1/tagsoup-1.2.1.jar:/Users/amitkumar/.m2/repository/io/rest-assured/xml-path/5.3.0/xml-path-5.3.0.jar:/Users/amitkumar/.m2/repository/io/rest-assured/json-path/5.3.0/json-path-5.3.0.jar:/Users/amitkumar/.m2/repository/org/apache/groovy/groovy-json/4.0.6/groovy-json-4.0.6.jar:/Users/amitkumar/.m2/repository/io/rest-assured/rest-assured-common/5.3.0/rest-assured-common-5.3.0.jar:/Users/amitkumar/.m2/repository/org/json/json/20230227/json-20230227.jar:/Users/amitkumar/.m2/repository/com/google/code/gson/gson/2.10.1/gson-2.10.1.jar:/Users/amitkumar/.m2/repository/org/testng/testng/7.7.1/testng-7.7.1.jar:/Users/amitkumar/.m2/repository/org/slf4j/slf4j-api/1.7.36/slf4j-api-1.7.36.jar:/Users/amitkumar/.m2/repository/com/beust/jcommander/1.82/jcommander-1.82.jar:/Users/amitkumar/.m2/repository/org/webjars/jquery/3.6.1/jquery-3.6.1.jar:/Users/amitkumar/.m2/repository/com/github/scribejava/scribejava-apis/8.3.3/scribejava-apis-8.3.3.jar:/Users/amitkumar/.m2/repository/com/github/scribejava/scribejava-core/8.3.3/scribejava-core-8.3.3.jar:/Users/amitkumar/.m2/repository/com/github/scribejava/scribejava-java8/8.3.3/scribejava-java8-8.3.3.jar:/Users/amitkumar/.m2/repository/com/fasterxml/jackson/core/jackson-databind/2.14.0/jackson-databind-2.14.0.jar:/Users/amitkumar/.m2/repository/com/fasterxml/jackson/core/jackson-annotations/2.14.0/jackson-annotations-2.14.0.jar:/Users/amitkumar/.m2/repository/com/fasterxml/jackson/core/jackson-core/2.14.0/jackson-core-2.14.0.jar:/Users/amitkumar/.m2/repository/io/rest-assured/json-schema-validator/5.3.0/json-schema-validator-5.3.0.jar:/Users/amitkumar/.m2/repository/com/github/java-json-tools/json-schema-validator/2.2.14/json-schema-validator-2.2.14.jar:/Users/amitkumar/.m2/repository/com/google/guava/guava/28.2-android/guava-28.2-android.jar:/Users/amitkumar/.m2/repository/com/google/guava/failureaccess/1.0.1/failureaccess-1.0.1.jar:/Users/amitkumar/.m2/repository/com/google/guava/listenablefuture/9999.0-empty-to-avoid-conflict-with-guava/listenablefuture-9999.0-empty-to-avoid-conflict-with-guava.jar:/Users/amitkumar/.m2/repository/org/checkerframework/checker-compat-qual/2.5.5/checker-compat-qual-2.5.5.jar:/Users/amitkumar/.m2/repository/com/google/errorprone/error_prone_annotations/2.3.4/error_prone_annotations-2.3.4.jar:/Users/amitkumar/.m2/repository/com/google/j2objc/j2objc-annotations/1.3/j2objc-annotations-1.3.jar:/Users/amitkumar/.m2/repository/com/github/java-json-tools/jackson-coreutils-equivalence/1.0/jackson-coreutils-equivalence-1.0.jar:/Users/amitkumar/.m2/repository/com/github/java-json-tools/jackson-coreutils/2.0/jackson-coreutils-2.0.jar:/Users/amitkumar/.m2/repository/com/github/java-json-tools/msg-simple/1.2/msg-simple-1.2.jar:/Users/amitkumar/.m2/repository/com/github/java-json-tools/btf/1.3/btf-1.3.jar:/Users/amitkumar/.m2/repository/com/github/java-json-tools/json-schema-core/1.2.14/json-schema-core-1.2.14.jar:/Users/amitkumar/.m2/repository/com/github/java-json-tools/uri-template/0.10/uri-template-0.10.jar:/Users/amitkumar/.m2/repository/org/mozilla/rhino/1.7.7.2/rhino-1.7.7.2.jar:/Users/amitkumar/.m2/repository/com/sun/mail/mailapi/1.6.2/mailapi-1.6.2.jar:/Users/amitkumar/.m2/repository/joda-time/joda-time/2.10.5/joda-time-2.10.5.jar:/Users/amitkumar/.m2/repository/com/googlecode/libphonenumber/libphonenumber/8.11.1/libphonenumber-8.11.1.jar:/Users/amitkumar/.m2/repository/com/google/code/findbugs/jsr305/3.0.2/jsr305-3.0.2.jar:/Users/amitkumar/.m2/repository/net/sf/jopt-simple/jopt-simple/5.0.4/jopt-simple-5.0.4.jar:/Users/amitkumar/.m2/repository/com/github/javafaker/javafaker/1.0.2/javafaker-1.0.2.jar:/Users/amitkumar/.m2/repository/org/apache/commons/commons-lang3/3.5/commons-lang3-3.5.jar:/Users/amitkumar/.m2/repository/org/yaml/snakeyaml/1.23/snakeyaml-1.23-android.jar:/Users/amitkumar/.m2/repository/com/github/mifmif/generex/1.0.2/generex-1.0.2.jar:/Users/amitkumar/.m2/repository/dk/brics/automaton/automaton/1.11-8/automaton-1.11-8.jar:/Users/amitkumar/.m2/repository/com/aventstack/extentreports/5.0.9/extentreports-5.0.9.jar:/Users/amitkumar/.m2/repository/io/reactivex/rxjava3/rxjava/3.0.4/rxjava-3.0.4.jar:/Users/amitkumar/.m2/repository/org/reactivestreams/reactive-streams/1.0.3/reactive-streams-1.0.3.jar:/Users/amitkumar/.m2/repository/org/freemarker/freemarker/2.3.30/freemarker-2.3.30.jar:/Users/amitkumar/.m2/repository/org/projectlombok/lombok/1.18.12/lombok-1.18.12.jar:/Users/amitkumar/.m2/repository/org/apache/poi/poi/5.2.3/poi-5.2.3.jar:/Users/amitkumar/.m2/repository/commons-codec/commons-codec/1.15/commons-codec-1.15.jar:/Users/amitkumar/.m2/repository/org/apache/commons/commons-collections4/4.4/commons-collections4-4.4.jar:/Users/amitkumar/.m2/repository/org/apache/commons/commons-math3/3.6.1/commons-math3-3.6.1.jar:/Users/amitkumar/.m2/repository/commons-io/commons-io/2.11.0/commons-io-2.11.0.jar:/Users/amitkumar/.m2/repository/com/zaxxer/SparseBitSet/1.2/SparseBitSet-1.2.jar:/Users/amitkumar/.m2/repository/org/apache/poi/poi-ooxml/5.2.3/poi-ooxml-5.2.3.jar:/Users/amitkumar/.m2/repository/org/apache/poi/poi-ooxml-lite/5.2.3/poi-ooxml-lite-5.2.3.jar:/Users/amitkumar/.m2/repository/org/apache/xmlbeans/xmlbeans/5.1.1/xmlbeans-5.1.1.jar:/Users/amitkumar/.m2/repository/org/apache/commons/commons-compress/1.21/commons-compress-1.21.jar:/Users/amitkumar/.m2/repository/com/github/virtuald/curvesapi/1.07/curvesapi-1.07.jar:/Users/amitkumar/.m2/repository/org/apache/logging/log4j/log4j-api/2.20.0/log4j-api-2.20.0.jar:/Users/amitkumar/.m2/repository/org/apache/logging/log4j/log4j-core/2.20.0/log4j-core-2.20.0.jar:"/>
    <property name="sun.cpu.endian" value="little"/>
    <property name="user.home" value="/Users/amitkumar"/>
    <property name="user.language" value="en"/>
    <property name="java.specification.vendor" value="Oracle Corporation"/>
    <property name="java.version.date" value="2021-04-20"/>
    <property name="java.home" value="/Library/Java/JavaVirtualMachines/jdk-16.0.1.jdk/Contents/Home"/>
    <property name="file.separator" value="/"/>
    <property name="style.color" value="always"/>
    <property name="basedir" value="/Users/amitkumar/eclipse-workspace/PetStoreAutomation"/>
    <property name="java.vm.compressedOopsMode" value="Zero based"/>
    <property name="line.separator" value="&#10;"/>
    <property name="java.specification.name" value="Java Platform API Specification"/>
    <property name="java.vm.specification.vendor" value="Oracle Corporation"/>
    <property name="surefire.real.class.path" value="/Users/amitkumar/eclipse-workspace/PetStoreAutomation/target/surefire/surefirebooter-20230614090857742_3.jar"/>
    <property name="sun.management.compiler" value="HotSpot 64-Bit Tiered Compilers"/>
    <property name="ftp.nonProxyHosts" value="local|*.local|169.254/16|*.169.254/16"/>
    <property name="java.runtime.version" value="16.0.1+9-24"/>
    <property name="user.name" value="amitkumar"/>
    <property name="path.separator" value=":"/>
    <property name="os.version" value="10.15.7"/>
    <property name="java.runtime.name" value="Java(TM) SE Runtime Environment"/>
    <property name="file.encoding" value="UTF-8"/>
    <property name="java.vm.name" value="Java HotSpot(TM) 64-Bit Server VM"/>
    <property name="localRepository" value="/Users/amitkumar/.m2/repository"/>
    <property name="java.vendor.url.bug" value="https://bugreport.java.com/bugreport/"/>
    <property name="java.io.tmpdir" value="/var/folders/df/90jrp8vn1rjg1sbtm8pwkvqc0000gn/T/"/>
    <property name="java.version" value="16.0.1"/>
    <property name="user.dir" value="/Users/amitkumar/eclipse-workspace/PetStoreAutomation"/>
    <property name="os.arch" value="x86_64"/>
    <property name="java.vm.specification.name" value="Java Virtual Machine Specification"/>
    <property name="java.library.path" value="/Users/amitkumar/Library/Java/Extensions:/Library/Java/Extensions:/Network/Library/Java/Extensions:/System/Library/Java/Extensions:/usr/lib/java:."/>
    <property name="java.vm.info" value="mixed mode, sharing"/>
    <property name="java.vendor" value="Oracle Corporation"/>
    <property name="java.vm.version" value="16.0.1+9-24"/>
    <property name="sun.io.unicode.encoding" value="UnicodeBig"/>
    <property name="socksNonProxyHosts" value="local|*.local|169.254/16|*.169.254/16"/>
    <property name="java.class.version" value="60.0"/>
  </properties>
  <testcase name="testPostuser" classname="api.test.UserTests2" time="6.25">
    <system-out><![CDATA[HTTP/1.1 200 OK
Date: Wed, 14 Jun 2023 03:39:08 GMT
Content-Type: application/json
Transfer-Encoding: chunked
Connection: keep-alive
Access-Control-Allow-Origin: *
Access-Control-Allow-Methods: GET, POST, DELETE, PUT
Access-Control-Allow-Headers: Content-Type, api_key, Authorization
Server: Jetty(9.2.9.v20150224)

{
    "code": 200,
    "type": "unknown",
    "message": "454884231"
}
]]></system-out>
    <system-err><![CDATA[SLF4J: Failed to load class "org.slf4j.impl.StaticLoggerBinder".
SLF4J: Defaulting to no-operation (NOP) logger implementation
SLF4J: See http://www.slf4j.org/codes.html#StaticLoggerBinder for further details.
]]></system-err>
  </testcase>
  <testcase name="testGetuserByName" classname="api.test.UserTests2" time="1.525">
    <system-out><![CDATA[HTTP/1.1 200 OK
Date: Wed, 14 Jun 2023 03:39:10 GMT
Content-Type: application/json
Transfer-Encoding: chunked
Connection: keep-alive
Access-Control-Allow-Origin: *
Access-Control-Allow-Methods: GET, POST, DELETE, PUT
Access-Control-Allow-Headers: Content-Type, api_key, Authorization
Server: Jetty(9.2.9.v20150224)

{
    "id": 454884231,
    "username": "jude.mraz",
    "firstName": "Cira",
    "lastName": "Hagenes",
    "email": "sebastian.watsica@example.com",
    "password": "xz4kl9kjp",
    "phone": "(952) 230-4288",
    "userStatus": 0
}
]]></system-out>
  </testcase>
  <testcase name="testUpdateuserByName" classname="api.test.UserTests2" time="2.973">
    <system-out><![CDATA[HTTP/1.1 200 OK
Date: Wed, 14 Jun 2023 03:39:12 GMT
Content-Type: application/json
Transfer-Encoding: chunked
Connection: keep-alive
Access-Control-Allow-Origin: *
Access-Control-Allow-Methods: GET, POST, DELETE, PUT
Access-Control-Allow-Headers: Content-Type, api_key, Authorization
Server: Jetty(9.2.9.v20150224)

{
    "code": 200,
    "type": "unknown",
    "message": "454884231"
}
]]></system-out>
  </testcase>
  <testcase name="testDeleteuserByName" classname="api.test.UserTests2" time="1.45">
    <system-out><![CDATA[HTTP/1.1 200 OK
Date: Wed, 14 Jun 2023 03:39:14 GMT
Content-Type: application/json
Transfer-Encoding: chunked
Connection: keep-alive
Access-Control-Allow-Origin: *
Access-Control-Allow-Methods: GET, POST, DELETE, PUT
Access-Control-Allow-Headers: Content-Type, api_key, Authorization
Server: Jetty(9.2.9.v20150224)

{
    "code": 200,
    "type": "unknown",
    "message": "jude.mraz"
}
]]></system-out>
  </testcase>
</testsuite>