<?xml version="1.0" encoding="UTF-8"?>
<!-- Generated by org.testng.reporters.JUnitReportReporter -->
<testsuite hostname="Amits-MacBook-Air.local" failures="0" tests="4" name="api.test.UserTests2" time="16.195" errors="0" timestamp="2023-06-13T16:48:26 IST" skipped="0">
  <testcase classname="api.test.UserTests2" name="testPostuser" time="5.001"/>
  <system-out/>
  <testcase classname="api.test.UserTests2" name="testGetuserByName" time="1.746"/>
  <system-out/>
  <testcase classname="api.test.UserTests2" name="testUpdateuserByName" time="7.470"/>
  <system-out/>
  <testcase classname="api.test.UserTests2" name="testDeleteuserByName" time="1.978"/>
  <system-out/>
</testsuite> <!-- api.test.UserTests2 -->
