<?xml version="1.0" encoding="UTF-8"?>
<!-- Generated by org.testng.reporters.JUnitReportReporter -->
<testsuite hostname="Amits-MacBook-Air.local" failures="0" tests="4" name="api.test.UserTests" time="12.134" errors="0" timestamp="2023-06-13T16:25:45 IST" skipped="0">
  <testcase classname="api.test.UserTests" name="testPostuser" time="4.038"/>
  <system-out/>
  <testcase classname="api.test.UserTests" name="testGetuserByName" time="2.361"/>
  <system-out/>
  <testcase classname="api.test.UserTests" name="testUpdateuserByName" time="3.618"/>
  <system-out/>
  <testcase classname="api.test.UserTests" name="testDeleteuserByName" time="2.117"/>
  <system-out/>
</testsuite> <!-- api.test.UserTests -->
