<?xml version="1.0" encoding="UTF-8"?>
<!-- Generated by org.testng.reporters.JUnitReportReporter -->
<testsuite hostname="Amits-MacBook-Air.local" failures="0" tests="6" name="api.test.DDTests" time="13.775" errors="0" timestamp="2023-06-14T09:06:38 IST" skipped="0">
  <testcase classname="api.test.DDTests" name="testPostuser" time="1.500"/>
  <system-out/>
  <testcase classname="api.test.DDTests" name="testPostuser" time="6.104"/>
  <system-out/>
  <testcase classname="api.test.DDTests" name="testPostuser" time="1.638"/>
  <system-out/>
  <testcase classname="api.test.DDTests" name="testDeleteuserByName" time="1.518"/>
  <system-out/>
  <testcase classname="api.test.DDTests" name="testDeleteuserByName" time="1.491"/>
  <system-out/>
  <testcase classname="api.test.DDTests" name="testDeleteuserByName" time="1.524"/>
  <system-out/>
</testsuite> <!-- api.test.DDTests -->
