<?xml version="1.0" encoding="UTF-8"?>
<!-- Generated by org.testng.reporters.JUnitReportReporter -->
<testsuite hostname="Amits-MacBook-Air.local" failures="0" tests="6" name="api.test.DDTests" time="12.731" errors="0" timestamp="2023-06-13T16:44:58 IST" skipped="0">
  <testcase classname="api.test.DDTests" name="testPostuser" time="1.711"/>
  <system-out/>
  <testcase classname="api.test.DDTests" name="testPostuser" time="1.606"/>
  <system-out/>
  <testcase classname="api.test.DDTests" name="testPostuser" time="1.950"/>
  <system-out/>
  <testcase classname="api.test.DDTests" name="testDeleteuserByName" time="2.490"/>
  <system-out/>
  <testcase classname="api.test.DDTests" name="testDeleteuserByName" time="2.688"/>
  <system-out/>
  <testcase classname="api.test.DDTests" name="testDeleteuserByName" time="2.286"/>
  <system-out/>
</testsuite> <!-- api.test.DDTests -->
