<?xml version="1.0" encoding="UTF-8"?>
<!-- Generated by org.testng.reporters.JUnitReportReporter -->
<testsuite hostname="Amits-MacBook-Air.local" failures="0" tests="4" name="api.test.UserTests" time="13.094" errors="0" timestamp="2023-06-13T16:44:58 IST" skipped="0">
  <testcase classname="api.test.UserTests" name="testPostuser" time="5.633"/>
  <system-out/>
  <testcase classname="api.test.UserTests" name="testGetuserByName" time="2.150"/>
  <system-out/>
  <testcase classname="api.test.UserTests" name="testUpdateuserByName" time="3.423"/>
  <system-out/>
  <testcase classname="api.test.UserTests" name="testDeleteuserByName" time="1.888"/>
  <system-out/>
</testsuite> <!-- api.test.UserTests -->
