<?xml version="1.0" encoding="UTF-8"?>
<!-- Generated by org.testng.reporters.JUnitReportReporter -->
<testsuite hostname="Amits-MacBook-Air.local" failures="0" tests="4" name="api.test.UserTests2" time="12.171" errors="0" timestamp="2023-06-14T09:09:16 IST" skipped="0">
  <testcase classname="api.test.UserTests2" name="testPostuser" time="6.224"/>
  <system-out/>
  <testcase classname="api.test.UserTests2" name="testGetuserByName" time="1.524"/>
  <system-out/>
  <testcase classname="api.test.UserTests2" name="testUpdateuserByName" time="2.971"/>
  <system-out/>
  <testcase classname="api.test.UserTests2" name="testDeleteuserByName" time="1.452"/>
  <system-out/>
</testsuite> <!-- api.test.UserTests2 -->
